Unity Player [version: Unity 4.6.1f1_d1db7a1b5196]

KERNELBASE.dll caused a Microsoft C++ Exception (0xe06d7363)
  in module KERNELBASE.dll at 001b:7545812f.

Error occurred at 2015-01-25_171428.
C:\Users\Beast\Documents\GitHub\ggj2015-storyspinner\storyspinner.exe, run by Beast.
73% memory in use.
2940 MB physical memory [790 MB free].
0 MB paging file [2913 MB free].
2048 MB user address space [1793 MB free].

Context:
EDI:    0x0a4bfd20  ESI: 0x0a4bfb80  EAX:   0x0a4bfa94
EBX:    0xffffffff  ECX: 0x00000003  EDX:   0x00000000
EIP:    0x7545812f  EBP: 0x0a4bfae4  SegCs: 0x0000001b
EFlags: 0x00000212  ESP: 0x0a4bfa94  SegSs: 0x00000023

Bytes at CS:EIP:
c9 c2 10 00 89 45 c0 eb ed 3d 01 01 00 00 0f 85 

Stack:
0x0a4bfa94: e06d7363 00000001 00000000 7545812f csm........./.Eu
0x0a4bfaa4: 00000003 19930520 0a4bfb2c 018a3dc0 .... ...,.K..=..
0x0a4bfab4: 018da490 018dae10 0a4bfad4 00000000 ..........K.....
0x0a4bfac4: 002b0000 00000002 00000000 00000018 ..+.............
0x0a4bfad4: 007c002e 0a4bfaf8 0134b37b 00c20000 ..|...K.{.4.....
0x0a4bfae4: 0a4bfb1c 0134c03d e06d7363 00000001 ..K.=.4.csm.....
0x0a4bfaf4: 00000003 0a4bfb10 e06d7363 00000001 ......K.csm.....
0x0a4bfb04: 00000000 00000000 00000003 19930520 ............ ...
0x0a4bfb14: 0a4bfb2c 018a3dc0 0a4bfb38 0136b142 ,.K..=..8.K.B.6.
0x0a4bfb24: 0a4bfb2c 018a3dc0 017edb88 00c2bf28 ,.K..=....~.(...
0x0a4bfb34: 0a4bfb01 0a4bfb4c 00ecbb80 01713084 ..K.L.K......0q.
0x0a4bfb44: 0a4bfb80 00000000 0a4bfb68 0104b76a ..K.....h.K.j...
0x0a4bfb54: ffffffff 00000001 0a4bfbc8 0a4bfd20 ..........K. .K.
0x0a4bfb64: ffffffff 0a4bfb9c 0104f19d 0a4bfb80 ......K.......K.
0x0a4bfb74: 00000001 0a4bfd20 0a4bfbfc 00000000 .... .K...K.....
0x0a4bfb84: 00000000 1005d7cd 00000000 00000000 ................
0x0a4bfb94: 0000000f 0a4bfbdc 0a4bfbb4 0105d335 ......K...K.5...
0x0a4bfba4: 069a8f88 0a4bfbc8 0a4bfbb3 0105d320 ......K...K. ...
0x0a4bfbb4: 0a4bfbe0 01042cae 069a8f88 0a4bfbc8 ..K..,........K.
0x0a4bfbc4: 08ed70f8 069a8c01 00decf00 08ed70f8 .p...........p..
0x0a4bfbd4: 0a4bfbfc 0a4bfd20 069a8c44 0a4bfc40 ..K. .K.D...@.K.
0x0a4bfbe4: 0105f2cd 0a4bfbfc 0a4bfd20 0a4bfc2c ......K. .K.,.K.
0x0a4bfbf4: 069a8c44 00decf00 069a8f50 069a8fb8 D.......P.......
0x0a4bfc04: 069a9088 00000004 00000006 00000000 ................
0x0a4bfc14: 00000039 00000000 00000000 0a4bfc00 9.............K.
0x0a4bfc24: 00eb7dd5 000000e6 069a8c01 00decf00 .}..............
0x0a4bfc34: 08ed70f8 00000000 00000001 0a4bfc64 .p..........d.K.
0x0a4bfc44: 00fb506b 0a4bfd20 00decf00 08ed70f8 kP.. .K......p..
0x0a4bfc54: 0697d0a8 00008cb8 03e69b10 069a8c44 ............D...
0x0a4bfc64: 0a4bfd80 01085cb6 000000e6 03df2028 ..K..\......( ..
0x0a4bfc74: 0000296c 03df2030 06993f8c 0a4bfc98 l)..0 ...?....K.
0x0a4bfc84: 012f7e42 06930024 06993f98 0000001f B~/.$....?......
0x0a4bfc94: 018dadb0 0a4bfcc4 0109be47 018dade4 ......K.G.......
0x0a4bfca4: 00eb4189 018dadb0 018dae10 00000018 .A..............
0x0a4bfcb4: 08ebec08 00000000 06930024 0a4bfcd8 ........$.....K.
0x0a4bfcc4: 0a4bfcdc 00eb5238 00000018 00000004 ..K.8R..........
0x0a4bfcd4: 018da490 00000004 0a4bfcf8 00eb2f8b ..........K../..
0x0a4bfce4: 00000018 0a4c2d68 0a4bfd68 00000008 ....h-L.h.K.....
0x0a4bfcf4: 0a4bfd14 00eb68a0 00000000 029423f8 ..K..h.......#..
0x0a4bfd04: 029422d0 0a4bfd30 00ff7b65 029423f8 ."..0.K.e{...#..
0x0a4bfd14: 0a4bfd74 03df4ea4 0a4bfd48 00800101 t.K..N..H.K.....
0x0a4bfd24: 00000000 0a4d6c80 0a4d6ba4 0a4d6c80 .....lM..kM..lM.
0x0a4bfd34: 02d50f0c 00000005 00001c00 00008cb8 ................
0x0a4bfd44: 00008cdc 0a4bfd00 00000000 00000000 ......K.........
0x0a4bfd54: 00000000 00000000 029422d0 03df0ca0 ........."......
0x0a4bfd64: 03df2020 0a4bfd98 0109be47 02942364   ....K.G...d#..
0x0a4bfd74: 0107e942 00002900 02d50e94 0a4bfe10 B....)........K.
0x0a4bfd84: 010816d2 010000e1 00000000 00000001 ................
0x0a4bfd94: 00000000 0a4bfde4 0a4bfe1f 00800101 ......K...K.....
0x0a4bfda4: 06e09074 0298c134 029422d0 00000000 t...4...."......
0x0a4bfdb4: 00000000 00000000 00000000 00000000 ................
0x0a4bfdc4: 00000000 00000000 00000000 02d50d28 ............(...
0x0a4bfdd4: 02d50d28 3fffffff 00000000 0294234c (......?....L#..
0x0a4bfde4: 00000000 02d50e94 0000296c 000000e1 ........l)......
0x0a4bfdf4: 0000d818 00000050 06dfbb98 43b00000 ....P..........C
0x0a4bfe04: 0000011f 00000000 029422d0 0a4bfe84 ........."....K.
0x0a4bfe14: 01031e87 00000000 00dfb85c 06e09074 ........\...t...
0x0a4bfe24: 00000130 00000001 0a4bfe6c 02979efc 0.......l.K.....
0x0a4bfe34: 02979e88 02979edc 0693507c 06935090 ........|P...P..
0x0a4bfe44: 06935094 03602020 06e09074 06e094f0 .P..  `.t.......
0x0a4bfe54: 06e094f0 00000000 06dfb85c 06dfbcd8 ........\.......
0x0a4bfe64: 06dfbd1c 02979efc 0298c154 3f666666 ........T...fff?
0x0a4bfe74: 43d80000 43b00000 00000129 0298c154 ...C...C)...T...
0x0a4bfe84: 0a4bfea4 01031ac2 00000000 02979e88 ..K.............
0x0a4bfe94: 02979e88 0a4bfe7c 0a4bfa18 0a4bff00 ....|.K...K...K.
0x0a4bfea4: 0a4bfeac 0103227b 0a4bfec4 0109b22d ..K.{"....K.-...
0x0a4bfeb4: 02979e88 02979e88 00000000 00000000 ................
0x0a4bfec4: 0a4bfed0 76e5ee1c 02979e88 0a4bff10 ..K....v......K.
0x0a4bfed4: 774637eb 02979e88 7ddb170a 00000000 .7Fw.......}....
0x0a4bfee4: 00000000 02979e88 e06d7363 76e70709 ........csm....v
0x0a4bfef4: 76e70709 0a4bfedc 0a4bf690 ffffffff ...v..K...K.....
0x0a4bff04: 7741e115 00d5fa62 00000000 0a4bff28 ..Awb.......(.K.
0x0a4bff14: 774637be 0109b200 02979e88 00000000 .7Fw............
0x0a4bff24: 00000000 00000000 00000000 0109b200 ................
0x0a4bff34: 02979e88 00000000 00000000 00000000 ................
0x0a4bff44: 00000000 00000000 00000000 00000000 ................
0x0a4bff54: 00000000 00000000 00000000 00000000 ................
0x0a4bff64: 00000000 00000000 00000000 00000000 ................
0x0a4bff74: 00000000 00000000 00000000 00000000 ................
0x0a4bff84: 00000000 00000000 00000000 00000000 ................
0x0a4bff94: 00000000 00000000 00000000 00000000 ................
0x0a4bffa4: 00000000 00000000 00000000 00000000 ................
0x0a4bffb4: 00000000 00000000 00000000 00000000 ................
0x0a4bffc4: 00000000 00000000 00000000 00000000 ................
0x0a4bffd4: 00000000 00000000 00000000 00000000 ................
0x0a4bffe4: 00000000 00000000 00000000 00000000 ................
0x0a4bfff4: 00000000 00000000 00000000          ............

Module 1
C:\Users\Beast\Documents\GitHub\ggj2015-storyspinner\storyspinner.exe
Image Base: 0x00eb0000  Image Size: 0x00bb4000
File Size:  11606016    File Time:  2015-01-24_164734
Version:
   Company:    
   Product:    
   FileDesc:   
   FileVer:    4.6.1.51269
   ProdVer:    4.6.1.51269

Module 2
C:\Windows\system32\igd10umd32.dll
Image Base: 0x10000000  Image Size: 0x00447000
File Size:  4411392     File Time:  2011-02-11_180440
Version:
   Company:    Intel Corporation
   Product:    Intel Graphics Accelerator Drivers for Windows XP(R)
   FileDesc:   LDDM User Mode Driver for Intel(R) Graphics Technology
   FileVer:    8.15.10.2302
   ProdVer:    8.15.10.2302

Module 3
C:\Users\Beast\Documents\GitHub\ggj2015-storyspinner\storyspinner_Data\Mono\mono.dll
Image Base: 0x10000000  Image Size: 0x0022f000
File Size:  2101760     File Time:  2015-01-24_164734
Version:
   Company:    
   Product:    
   FileDesc:   
   FileVer:    0.0.0.0
   ProdVer:    0.0.0.0

Module 4
C:\Windows\system32\OPENGL32.dll
Image Base: 0x18d20000  Image Size: 0x000c8000
File Size:  791552      File Time:  2009-07-13_171614
Version:
   Company:    Microsoft Corporation
   Product:    Microsoft® Windows® Operating System
   FileDesc:   OpenGL Client DLL
   FileVer:    6.1.7600.16385
   ProdVer:    6.1.7600.16385

Module 5
C:\Windows\system32\dsound.dll
Image Base: 0x5bec0000  Image Size: 0x00072000
File Size:  453632      File Time:  2009-07-13_171514
Version:
   Company:    Microsoft Corporation
   Product:    Microsoft® Windows® Operating System
   FileDesc:   DirectSound
   FileVer:    6.1.7600.16385
   ProdVer:    6.1.7600.16385

Module 6
C:\Windows\system32\GLU32.dll
Image Base: 0x5f5c0000  Image Size: 0x00022000
File Size:  130048      File Time:  2009-07-13_171524
Version:
   Company:    Microsoft Corporation
   Product:    Microsoft® Windows® Operating System
   FileDesc:   OpenGL Utility Library DLL
   FileVer:    6.1.7600.16385
   ProdVer:    6.1.7600.16385

Module 7
C:\Windows\system32\DCIMAN32.dll
Image Base: 0x64330000  Image Size: 0x00006000
File Size:  10240       File Time:  2013-06-05_205058
Version:
   Company:    Microsoft Corporation
   Product:    Microsoft® Windows® Operating System
   FileDesc:   DCI Manager
   FileVer:    6.1.7601.18177
   ProdVer:    6.1.7601.18177

Module 8
C:\Windows\system32\dbghelp.dll
Image Base: 0x6de30000  Image Size: 0x000eb000
File Size:  854016      File Time:  2010-11-20_041828
Version:
   Company:    Microsoft Corporation
   Product:    Microsoft® Windows® Operating System
   FileDesc:   Windows Image Helper
   FileVer:    6.1.7601.17514
   ProdVer:    6.1.7601.17514

Module 9
C:\Windows\system32\d3d11.dll
Image Base: 0x6e4a0000  Image Size: 0x00175000
File Size:  1505280     File Time:  2013-04-25_153034
Version:
   Company:    Microsoft Corporation
   Product:    Microsoft® Windows® Operating System
   FileDesc:   Direct3D 11 Runtime
   FileVer:    6.2.9200.16570
   ProdVer:    6.2.9200.16570

Module 10
C:\Windows\system32\dxgi.dll
Image Base: 0x6e620000  Image Size: 0x0004c000
File Size:  293376      File Time:  2014-07-09_140838
Version:
   Company:    Microsoft Corporation
   Product:    Microsoft® Windows® Operating System
   FileDesc:   DirectX Graphics Infrastructure
   FileVer:    6.2.9200.16492
   ProdVer:    6.2.9200.16492

Module 11
C:\Windows\system32\DDRAW.dll
Image Base: 0x705c0000  Image Size: 0x000e7000
File Size:  531968      File Time:  2009-07-13_171512
Version:
   Company:    Microsoft Corporation
   Product:    Microsoft® Windows® Operating System
   FileDesc:   Microsoft DirectDraw
   FileVer:    6.1.7600.16385
   ProdVer:    6.1.7600.16385

Module 12
C:\Windows\system32\webio.dll
Image Base: 0x71240000  Image Size: 0x0004f000
File Size:  314880      File Time:  2011-11-16_213504
Version:
   Company:    Microsoft Corporation
   Product:    Microsoft® Windows® Operating System
   FileDesc:   Web Transfer Protocols API
   FileVer:    6.1.7601.17725
   ProdVer:    6.1.7601.17725

Module 13
C:\Windows\system32\WINHTTP.dll
Image Base: 0x71290000  Image Size: 0x00058000
File Size:  351232      File Time:  2010-11-20_042138
Version:
   Company:    Microsoft Corporation
   Product:    Microsoft® Windows® Operating System
   FileDesc:   Windows HTTP Services
   FileVer:    6.1.7601.17514
   ProdVer:    6.1.7601.17514

Module 14
C:\Windows\system32\MSACM32.dll
Image Base: 0x72410000  Image Size: 0x00014000
File Size:  72192       File Time:  2009-07-13_171544
Version:
   Company:    Microsoft Corporation
   Product:    Microsoft® Windows® Operating System
   FileDesc:   Microsoft ACM Audio Filter
   FileVer:    6.1.7600.16385
   ProdVer:    6.1.7600.16385

Module 15
C:\Windows\system32\midimap.dll
Image Base: 0x72d50000  Image Size: 0x00007000
File Size:  16896       File Time:  2009-07-13_171542
Version:
   Company:    Microsoft Corporation
   Product:    Microsoft® Windows® Operating System
   FileDesc:   Microsoft MIDI Mapper
   FileVer:    6.1.7600.16385
   ProdVer:    6.1.7600.16385

Module 16
C:\Windows\system32\msacm32.drv
Image Base: 0x72d60000  Image Size: 0x00008000
File Size:  20992       File Time:  2009-07-13_171410
Version:
   Company:    Microsoft Corporation
   Product:    Microsoft® Windows® Operating System
   FileDesc:   Microsoft Sound Mapper
   FileVer:    6.1.7600.16385
   ProdVer:    6.1.7600.16385

Module 17
C:\Windows\system32\wdmaud.drv
Image Base: 0x72ed0000  Image Size: 0x00030000
File Size:  172032      File Time:  2010-11-20_041652
Version:
   Company:    Microsoft Corporation
   Product:    Microsoft® Windows® Operating System
   FileDesc:   Winmm  audio system driver
   FileVer:    6.1.7601.17514
   ProdVer:    6.1.7601.17514

Module 18
C:\Windows\system32\AUDIOSES.DLL
Image Base: 0x73770000  Image Size: 0x00036000
File Size:  195584      File Time:  2014-10-02_174428
Version:
   Company:    Microsoft Corporation
   Product:    Microsoft® Windows® Operating System
   FileDesc:   Audio Session
   FileVer:    6.1.7601.18619
   ProdVer:    6.1.7601.18619

Module 19
C:\Windows\system32\WINNSI.DLL
Image Base: 0x73840000  Image Size: 0x00007000
File Size:  16896       File Time:  2009-07-13_171620
Version:
   Company:    Microsoft Corporation
   Product:    Microsoft® Windows® Operating System
   FileDesc:   Network Store Information RPC interface
   FileVer:    6.1.7600.16385
   ProdVer:    6.1.7600.16385

Module 20
C:\Windows\system32\IPHLPAPI.DLL
Image Base: 0x73850000  Image Size: 0x0001c000
File Size:  103936      File Time:  2010-11-20_041924
Version:
   Company:    Microsoft Corporation
   Product:    Microsoft® Windows® Operating System
   FileDesc:   IP Helper API
   FileVer:    6.1.7601.17514
   ProdVer:    6.1.7601.17514

Module 21
C:\Windows\system32\dwmapi.dll
Image Base: 0x738f0000  Image Size: 0x00013000
File Size:  67072       File Time:  2009-07-13_171514
Version:
   Company:    Microsoft Corporation
   Product:    Microsoft® Windows® Operating System
   FileDesc:   Microsoft Desktop Window Manager API
   FileVer:    6.1.7600.16385
   ProdVer:    6.1.7600.16385

Module 22
C:\Windows\system32\HID.DLL
Image Base: 0x73910000  Image Size: 0x00009000
File Size:  22016       File Time:  2009-07-13_171526
Version:
   Company:    Microsoft Corporation
   Product:    Microsoft® Windows® Operating System
   FileDesc:   Hid User Library
   FileVer:    6.1.7600.16385
   ProdVer:    6.1.7600.16385

Module 23
C:\Windows\system32\ksuser.dll
Image Base: 0x73990000  Image Size: 0x00004000
File Size:  4608        File Time:  2009-07-13_171536
Version:
   Company:    Microsoft Corporation
   Product:    Microsoft® Windows® Operating System
   FileDesc:   User CSA Library
   FileVer:    6.1.7600.16385
   ProdVer:    6.1.7600.16385

Module 24
C:\Windows\system32\WINMM.dll
Image Base: 0x739d0000  Image Size: 0x00032000
File Size:  194048      File Time:  2010-11-20_042138
Version:
   Company:    Microsoft Corporation
   Product:    Microsoft® Windows® Operating System
   FileDesc:   MCI API DLL
   FileVer:    6.1.7601.17514
   ProdVer:    6.1.7601.17514

Module 25
C:\Windows\system32\uxtheme.dll
Image Base: 0x73fa0000  Image Size: 0x00040000
File Size:  249856      File Time:  2009-07-13_171618
Version:
   Company:    Microsoft Corporation
   Product:    Microsoft® Windows® Operating System
   FileDesc:   Microsoft UxTheme Library
   FileVer:    6.1.7600.16385
   ProdVer:    6.1.7600.16385

Module 26
C:\Windows\WinSxS\x86_microsoft.windows.common-controls_6595b64144ccf1df_6.0.7601.17514_none_41e6975e2bd6f2b2\comctl32.dll
Image Base: 0x74020000  Image Size: 0x0019e000
File Size:  1680896     File Time:  2010-11-20_035510
Version:
   Company:    Microsoft Corporation
   Product:    Microsoft® Windows® Operating System
   FileDesc:   User Experience Controls Library
   FileVer:    6.10.7601.17514
   ProdVer:    6.1.7601.17514

Module 27
C:\Windows\system32\PROPSYS.dll
Image Base: 0x742b0000  Image Size: 0x000f5000
File Size:  988160      File Time:  2010-11-20_042058
Version:
   Company:    Microsoft Corporation
   Product:    Windows® Search
   FileDesc:   Microsoft Property System
   FileVer:    7.0.7601.17514
   ProdVer:    7.0.7601.17514

Module 28
C:\Windows\system32\MMDevAPI.DLL
Image Base: 0x743b0000  Image Size: 0x00039000
File Size:  213504      File Time:  2010-11-20_041940
Version:
   Company:    Microsoft Corporation
   Product:    Microsoft® Windows® Operating System
   FileDesc:   MMDevice API
   FileVer:    6.1.7601.17514
   ProdVer:    6.1.7601.17514

Module 29
C:\Windows\system32\POWRPROF.dll
Image Base: 0x743f0000  Image Size: 0x00025000
File Size:  145408      File Time:  2009-07-13_171614
Version:
   Company:    Microsoft Corporation
   Product:    Microsoft® Windows® Operating System
   FileDesc:   Power Profile Helper DLL
   FileVer:    6.1.7600.16385
   ProdVer:    6.1.7600.16385

Module 30
C:\Windows\system32\AVRT.dll
Image Base: 0x74760000  Image Size: 0x00007000
File Size:  14336       File Time:  2009-07-13_171500
Version:
   Company:    Microsoft Corporation
   Product:    Microsoft® Windows® Operating System
   FileDesc:   Multimedia Realtime Runtime
   FileVer:    6.1.7600.16385
   ProdVer:    6.1.7600.16385

Module 31
C:\Windows\system32\VERSION.dll
Image Base: 0x748a0000  Image Size: 0x00009000
File Size:  21504       File Time:  2009-07-13_171618
Version:
   Company:    Microsoft Corporation
   Product:    Microsoft® Windows® Operating System
   FileDesc:   Version Checking and File Installation Libraries
   FileVer:    6.1.7600.16385
   ProdVer:    6.1.7600.16385

Module 32
C:\Windows\system32\DNSAPI.dll
Image Base: 0x74c80000  Image Size: 0x00044000
File Size:  270336      File Time:  2011-03-02_213802
Version:
   Company:    Microsoft Corporation
   Product:    Microsoft® Windows® Operating System
   FileDesc:   DNS Client API DLL
   FileVer:    6.1.7601.17570
   ProdVer:    6.1.7601.17570

Module 33
C:\Windows\system32\MSWSOCK.dll
Image Base: 0x74dc0000  Image Size: 0x0003c000
File Size:  231424      File Time:  2013-09-07_180400
Version:
   Company:    Microsoft Corporation
   Product:    Microsoft® Windows® Operating System
   FileDesc:   Microsoft Windows Sockets 2.0 Service Provider
   FileVer:    6.1.7601.18254
   ProdVer:    6.1.7601.18254

Module 34
C:\Windows\system32\SspiCli.dll
Image Base: 0x75150000  Image Size: 0x0001b000
File Size:  100352      File Time:  2014-04-11_181210
Version:
   Company:    Microsoft Corporation
   Product:    Microsoft® Windows® Operating System
   FileDesc:   Security Support Provider Interface
   FileVer:    6.1.7601.18443
   ProdVer:    6.1.7601.18443

Module 35
C:\Windows\system32\CRYPTBASE.dll
Image Base: 0x75310000  Image Size: 0x0000c000
File Size:  36864       File Time:  2009-07-13_171508
Version:
   Company:    Microsoft Corporation
   Product:    Microsoft® Windows® Operating System
   FileDesc:   Base cryptographic API DLL
   FileVer:    6.1.7600.16385
   ProdVer:    6.1.7600.16385

Module 36
C:\Windows\system32\MSASN1.dll
Image Base: 0x75400000  Image Size: 0x0000c000
File Size:  34304       File Time:  2010-11-20_041946
Version:
   Company:    Microsoft Corporation
   Product:    Microsoft® Windows® Operating System
   FileDesc:   ASN.1 Runtime APIs
   FileVer:    6.1.7601.17514
   ProdVer:    6.1.7601.17514

Module 37
C:\Windows\system32\KERNELBASE.dll
Image Base: 0x75450000  Image Size: 0x0004b000
File Size:  293376      File Time:  2014-03-04_011714
Version:
   Company:    Microsoft Corporation
   Product:    Microsoft® Windows® Operating System
   FileDesc:   Windows NT BASE API Client DLL
   FileVer:    6.1.7601.18409
   ProdVer:    6.1.7601.18409

Module 38
C:\Windows\system32\CFGMGR32.dll
Image Base: 0x75540000  Image Size: 0x00027000
File Size:  145920      File Time:  2010-11-20_041814
Version:
   Company:    Microsoft Corporation
   Product:    Microsoft® Windows® Operating System
   FileDesc:   Configuration Manager DLL
   FileVer:    6.1.7601.17514
   ProdVer:    6.1.7601.17514

Module 39
C:\Windows\system32\CRYPT32.dll
Image Base: 0x75580000  Image Size: 0x00121000
File Size:  1174528     File Time:  2014-07-06_174008
Version:
   Company:    Microsoft Corporation
   Product:    Microsoft® Windows® Operating System
   FileDesc:   Crypto API32
   FileVer:    6.1.7601.18526
   ProdVer:    6.1.7601.18526

Module 40
C:\Windows\system32\WINTRUST.dll
Image Base: 0x756b0000  Image Size: 0x0002f000
File Size:  179200      File Time:  2014-07-06_174038
Version:
   Company:    Microsoft Corporation
   Product:    Microsoft® Windows® Operating System
   FileDesc:   Microsoft Trust Verification APIs
   FileVer:    6.1.7601.18526
   ProdVer:    6.1.7601.18526

Module 41
C:\Windows\system32\DEVOBJ.dll
Image Base: 0x75700000  Image Size: 0x00012000
File Size:  64512       File Time:  2009-07-13_171512
Version:
   Company:    Microsoft Corporation
   Product:    Microsoft® Windows® Operating System
   FileDesc:   Device Information Set DLL
   FileVer:    6.1.7600.16385
   ProdVer:    6.1.7600.16385

Module 42
C:\Windows\system32\OLEAUT32.dll
Image Base: 0x75900000  Image Size: 0x0008f000
File Size:  571904      File Time:  2014-10-17_173320
Version:
   Company:    Microsoft Corporation
   Product:    
   FileDesc:   
   FileVer:    6.1.7601.18640
   ProdVer:    6.1.7601.18640

Module 43
C:\Windows\system32\RPCRT4.dll
Image Base: 0x75990000  Image Size: 0x000a2000
File Size:  654336      File Time:  2014-07-13_174204
Version:
   Company:    Microsoft Corporation
   Product:    Microsoft® Windows® Operating System
   FileDesc:   Remote Procedure Call Runtime
   FileVer:    6.1.7601.18532
   ProdVer:    6.1.7601.18532

Module 44
C:\Windows\system32\ole32.dll
Image Base: 0x75ac0000  Image Size: 0x0015c000
File Size:  1414144     File Time:  2010-11-20_042050
Version:
   Company:    Microsoft Corporation
   Product:    Microsoft® Windows® Operating System
   FileDesc:   Microsoft OLE for Windows
   FileVer:    6.1.7601.17514
   ProdVer:    6.1.7601.17514

Module 45
C:\Windows\system32\WS2_32.dll
Image Base: 0x75c20000  Image Size: 0x00035000
File Size:  206848      File Time:  2010-11-20_042140
Version:
   Company:    Microsoft Corporation
   Product:    Microsoft® Windows® Operating System
   FileDesc:   Windows Socket 2.0 32-Bit DLL
   FileVer:    6.1.7601.17514
   ProdVer:    6.1.7601.17514

Module 46
C:\Windows\system32\SHLWAPI.dll
Image Base: 0x75cb0000  Image Size: 0x00057000
File Size:  350208      File Time:  2010-11-20_042120
Version:
   Company:    Microsoft Corporation
   Product:    Microsoft® Windows® Operating System
   FileDesc:   Shell Light-weight Utility Library
   FileVer:    6.1.7601.17514
   ProdVer:    6.1.7601.17514

Module 47
C:\Windows\system32\GDI32.dll
Image Base: 0x75f50000  Image Size: 0x0004e000
File Size:  305152      File Time:  2014-08-22_174656
Version:
   Company:    Microsoft Corporation
   Product:    Microsoft® Windows® Operating System
   FileDesc:   GDI Client DLL
   FileVer:    6.1.7601.18577
   ProdVer:    6.1.7601.18577

Module 48
C:\Windows\system32\USER32.dll
Image Base: 0x75fa0000  Image Size: 0x000c9000
File Size:  811520      File Time:  2010-11-20_042134
Version:
   Company:    Microsoft Corporation
   Product:    Microsoft® Windows® Operating System
   FileDesc:   Multi-User Windows USER API Client DLL
   FileVer:    6.1.7601.17514
   ProdVer:    6.1.7601.17514

Module 49
C:\Windows\system32\SHELL32.dll
Image Base: 0x76070000  Image Size: 0x00c4a000
File Size:  12874240    File Time:  2014-06-24_174132
Version:
   Company:    Microsoft Corporation
   Product:    Microsoft® Windows® Operating System
   FileDesc:   Windows Shell Common Dll
   FileVer:    6.1.7601.18517
   ProdVer:    6.1.7601.18517

Module 50
C:\Windows\system32\USP10.dll
Image Base: 0x76cd0000  Image Size: 0x0009d000
File Size:  626688      File Time:  2014-04-24_180618
Version:
   Company:    Microsoft Corporation
   Product:    Microsoft(R) Uniscribe Unicode script processor
   FileDesc:   Uniscribe Unicode script processor
   FileVer:    1.626.7601.18454
   ProdVer:    1.626.7601.18454

Module 51
C:\Windows\system32\ADVAPI32.dll
Image Base: 0x76d70000  Image Size: 0x000a0000
File Size:  640512      File Time:  2013-08-28_174818
Version:
   Company:    Microsoft Corporation
   Product:    Microsoft® Windows® Operating System
   FileDesc:   Advanced Windows 32 Base API
   FileVer:    6.1.7601.18247
   ProdVer:    6.1.7601.18247

Module 52
C:\Windows\system32\kernel32.dll
Image Base: 0x76e10000  Image Size: 0x000d4000
File Size:  868352      File Time:  2014-03-04_011714
Version:
   Company:    Microsoft Corporation
   Product:    Microsoft® Windows® Operating System
   FileDesc:   Windows NT BASE API Client DLL
   FileVer:    6.1.7601.18409
   ProdVer:    6.1.7601.18409

Module 53
C:\Windows\SYSTEM32\sechost.dll
Image Base: 0x76ef0000  Image Size: 0x00019000
File Size:  92160       File Time:  2009-07-13_171614
Version:
   Company:    Microsoft Corporation
   Product:    Microsoft® Windows® Operating System
   FileDesc:   Host for SCM/SDDL/LSA Lookup APIs
   FileVer:    6.1.7600.16385
   ProdVer:    6.1.7600.16385

Module 54
C:\Windows\system32\NSI.dll
Image Base: 0x76f10000  Image Size: 0x00006000
File Size:  8704        File Time:  2009-07-13_171612
Version:
   Company:    Microsoft Corporation
   Product:    Microsoft® Windows® Operating System
   FileDesc:   NSI User-mode interface DLL
   FileVer:    6.1.7600.16385
   ProdVer:    6.1.7600.16385

Module 55
C:\Windows\system32\CLBCatQ.DLL
Image Base: 0x76f20000  Image Size: 0x00083000
File Size:  522240      File Time:  2009-07-13_171504
Version:
   Company:    Microsoft Corporation
   Product:    Microsoft® Windows® Operating System
   FileDesc:   COM+ Configuration Catalog
   FileVer:    2001.12.8530.16385
   ProdVer:    6.1.7600.16385

Module 56
C:\Windows\system32\msvcrt.dll
Image Base: 0x76fb0000  Image Size: 0x000ac000
File Size:  690688      File Time:  2011-12-15_235300
Version:
   Company:    Microsoft Corporation
   Product:    Microsoft® Windows® Operating System
   FileDesc:   Windows NT CRT DLL
   FileVer:    7.0.7601.17744
   ProdVer:    6.1.8638.17744

Module 57
C:\Windows\system32\SETUPAPI.dll
Image Base: 0x770c0000  Image Size: 0x0019d000
File Size:  1667584     File Time:  2010-11-20_042116
Version:
   Company:    Microsoft Corporation
   Product:    Microsoft® Windows® Operating System
   FileDesc:   Windows Setup API
   FileVer:    6.1.7601.17514
   ProdVer:    6.1.7601.17514

Module 58
C:\Windows\system32\IMM32.dll
Image Base: 0x773b0000  Image Size: 0x0001f000
File Size:  118272      File Time:  2010-11-20_041924
Version:
   Company:    Microsoft Corporation
   Product:    Microsoft® Windows® Operating System
   FileDesc:   Multi-User Windows IMM32 API Client DLL
   FileVer:    6.1.7601.17514
   ProdVer:    6.1.7601.17514

Module 59
C:\Windows\SYSTEM32\ntdll.dll
Image Base: 0x77400000  Image Size: 0x0013c000
File Size:  1289096     File Time:  2013-08-28_175032
Version:
   Company:    Microsoft Corporation
   Product:    Microsoft® Windows® Operating System
   FileDesc:   NT Layer DLL
   FileVer:    6.1.7601.18247
   ProdVer:    6.1.7601.18247

Module 60
C:\Windows\system32\PSAPI.DLL
Image Base: 0x77540000  Image Size: 0x00005000
File Size:  6144        File Time:  2009-07-13_171614
Version:
   Company:    Microsoft Corporation
   Product:    Microsoft® Windows® Operating System
   FileDesc:   Process Status Helper
   FileVer:    6.1.7600.16385
   ProdVer:    6.1.7600.16385

Module 61
C:\Windows\system32\LPK.dll
Image Base: 0x77550000  Image Size: 0x0000a000
File Size:  26112       File Time:  2013-06-05_205216
Version:
   Company:    Microsoft Corporation
   Product:    Microsoft® Windows® Operating System
   FileDesc:   Language Pack
   FileVer:    6.1.7601.18177
   ProdVer:    6.1.7601.18177

Module 62
C:\Windows\system32\MSCTF.dll
Image Base: 0x77560000  Image Size: 0x000cc000
File Size:  828928      File Time:  2009-07-13_171544
Version:
   Company:    Microsoft Corporation
   Product:    Microsoft® Windows® Operating System
   FileDesc:   MSCTF Server DLL
   FileVer:    6.1.7600.16385
   ProdVer:    6.1.7600.16385


== [end of error.log] ==
